#0 building with "default" instance using docker driver

#1 [internal] load build definition from Dockerfile.carla-python310
#1 transferring dockerfile: 3.42kB done
#1 DONE 0.0s

#2 [internal] load metadata for docker.io/carlasim/carla:0.9.16
#2 DONE 0.0s

#3 [internal] load .dockerignore
#3 transferring context: 623B done
#3 DONE 0.0s

#4 [ 1/13] FROM docker.io/carlasim/carla:0.9.16
#4 DONE 0.0s

#5 [ 7/13] RUN python -m pip install /workspace/PythonAPI/carla/dist/carla-0.9.16-cp310-cp310-manylinux_2_31_x86_64.whl
#5 CACHED

#6 [ 3/13] RUN wget -q https://github.com/conda-forge/miniforge/releases/latest/download/Miniforge3-Linux-x86_64.sh -O /tmp/miniforge.sh &&     bash /tmp/miniforge.sh -b -p /opt/conda &&     rm /tmp/miniforge.sh
#6 CACHED

#7 [ 9/13] RUN python -m pip install torch==2.4.1 torchvision==0.19.1 --index-url https://download.pytorch.org/whl/cu121
#7 CACHED

#8 [ 2/13] RUN apt-get update &&     apt-get install -y --no-install-recommends         wget         git         curl         ca-certificates &&     rm -rf /var/lib/apt/lists/*
#8 CACHED

#9 [ 8/13] RUN python -m pip install gymnasium==0.29.1
#9 CACHED

#10 [ 6/13] RUN python -m pip install --upgrade pip setuptools==69.2.0 wheel
#10 CACHED

#11 [ 4/13] RUN conda create -y -n py310 python=3.10 pip &&     conda clean -afy
#11 CACHED

#12 [ 5/13] RUN python --version && python -m pip --version
#12 CACHED

#13 [10/13] RUN python -m pip install     numpy==1.24.3     opencv-python==4.8.1.78     pyyaml==6.0.1     tensorboard==2.15.0     matplotlib==3.7.3     pandas==2.0.3     scikit-learn==1.3.2
#13 CACHED

#14 [11/13] RUN python -c "import carla; print(f'CARLA API: Successfully imported')" &&         python -c "import gymnasium; print(f'Gymnasium: {gymnasium.__version__}')" &&         python -c "import torch; print(f'PyTorch: {torch.__version__}, CUDA available: {torch.cuda.is_available()}')" &&         python -c "import cv2; print(f'OpenCV: {cv2.__version__}')" &&         python -c "import numpy; print(f'NumPy: {numpy.__version__}')" &&         python -c "import yaml; print(f'PyYAML: {yaml.__version__}')"
#14 0.194 CARLA API: Successfully imported
#14 0.374 Gymnasium: 0.29.1
#14 1.619 PyTorch: 2.4.1+cu121, CUDA available: False
#14 1.998 OpenCV: 4.8.1
#14 2.118 NumPy: 1.24.3
#14 2.162 PyYAML: 6.0.1
#14 DONE 2.2s

#15 [12/13] WORKDIR /workspace/av_td3_system
#15 DONE 0.0s

#16 [13/13] RUN chmod +x /workspace/CarlaUE4.sh
#16 DONE 0.3s

#17 exporting to image
#17 exporting layers
#17 exporting layers 24.8s done
#17 writing image sha256:f031770fa83dce77dcbbf65949da04d532789456f59b657b355f2b1f958ddff1 done
#17 naming to docker.io/library/td3-av-system:v2.0-python310 done
#17 DONE 24.8s
